# JRE version: OpenJDK Runtime Environment (8.0_212-b04) (build 1.8.0_212-release-1586-b04)
# Java VM: OpenJDK 64-Bit Server VM (25.212-b04 mixed mode windows-amd64 compressed oops)
Heap:
 PSYoungGen      total 217088K, used 116847K [0x00000000e0000000, 0x00000000f3280000, 0x0000000100000000)
  eden space 195584K, 48% used [0x00000000e0000000,0x00000000e5d212c0,0x00000000ebf00000)
  from space 21504K, 99% used [0x00000000ebf00000,0x00000000ed3fa9e8,0x00000000ed400000)
  to   space 23040K, 82% used [0x00000000f1c00000,0x00000000f2e77810,0x00000000f3280000)
 ParOldGen       total 338944K, used 22560K [0x00000000a0000000, 0x00000000b4b00000, 0x00000000e0000000)
  object space 338944K, 6% used [0x00000000a0000000,0x00000000a16083a0,0x00000000b4b00000)
 Metaspace       used 57162K, capacity 59032K, committed 59096K, reserved 1099776K
  class space    used 7945K, capacity 8403K, committed 8448K, reserved 1048576K
GC Heap History (10 events):
Event: 1.468 GC heap after
Heap after GC invocations=3 (full 1):
 PSYoungGen      total 153088K, used 0K [0x00000000e0000000, 0x00000000f2b00000, 0x0000000100000000)
  eden space 131584K, 0% used [0x00000000e0000000,0x00000000e0000000,0x00000000e8080000)
  from space 21504K, 0% used [0x00000000e9580000,0x00000000e9580000,0x00000000eaa80000)
  to   space 21504K, 0% used [0x00000000e8080000,0x00000000e8080000,0x00000000e9580000)
 ParOldGen       total 209920K, used 13674K [0x00000000a0000000, 0x00000000acd00000, 0x00000000e0000000)
  object space 209920K, 6% used [0x00000000a0000000,0x00000000a0d5ab08,0x00000000acd00000)
 Metaspace       used 20629K, capacity 21072K, committed 21296K, reserved 1067008K
  class space    used 2933K, capacity 3074K, committed 3200K, reserved 1048576K
}
Event: 2.001 GC heap before
{Heap before GC invocations=4 (full 1):
 PSYoungGen      total 153088K, used 131584K [0x00000000e0000000, 0x00000000f2b00000, 0x0000000100000000)
  eden space 131584K, 100% used [0x00000000e0000000,0x00000000e8080000,0x00000000e8080000)
  from space 21504K, 0% used [0x00000000e9580000,0x00000000e9580000,0x00000000eaa80000)
  to   space 21504K, 0% used [0x00000000e8080000,0x00000000e8080000,0x00000000e9580000)
 ParOldGen       total 209920K, used 13674K [0x00000000a0000000, 0x00000000acd00000, 0x00000000e0000000)
  object space 209920K, 6% used [0x00000000a0000000,0x00000000a0d5ab08,0x00000000acd00000)
 Metaspace       used 31605K, capacity 32114K, committed 32384K, reserved 1077248K
  class space    used 4324K, capacity 4468K, committed 4480K, reserved 1048576K
Event: 2.005 GC heap after
Heap after GC invocations=4 (full 1):
 PSYoungGen      total 153088K, used 12460K [0x00000000e0000000, 0x00000000ee900000, 0x0000000100000000)
  eden space 131584K, 0% used [0x00000000e0000000,0x00000000e0000000,0x00000000e8080000)
  from space 21504K, 57% used [0x00000000e8080000,0x00000000e8cab378,0x00000000e9580000)
  to   space 21504K, 0% used [0x00000000ed400000,0x00000000ed400000,0x00000000ee900000)
 ParOldGen       total 209920K, used 13682K [0x00000000a0000000, 0x00000000acd00000, 0x00000000e0000000)
  object space 209920K, 6% used [0x00000000a0000000,0x00000000a0d5cb08,0x00000000acd00000)
 Metaspace       used 31605K, capacity 32114K, committed 32384K, reserved 1077248K
  class space    used 4324K, capacity 4468K, committed 4480K, reserved 1048576K
}
Event: 2.273 GC heap before
{Heap before GC invocations=5 (full 1):
 PSYoungGen      total 153088K, used 80157K [0x00000000e0000000, 0x00000000ee900000, 0x0000000100000000)
  eden space 131584K, 51% used [0x00000000e0000000,0x00000000e421c3a0,0x00000000e8080000)
  from space 21504K, 57% used [0x00000000e8080000,0x00000000e8cab378,0x00000000e9580000)
  to   space 21504K, 0% used [0x00000000ed400000,0x00000000ed400000,0x00000000ee900000)
 ParOldGen       total 209920K, used 13682K [0x00000000a0000000, 0x00000000acd00000, 0x00000000e0000000)
  object space 209920K, 6% used [0x00000000a0000000,0x00000000a0d5cb08,0x00000000acd00000)
 Metaspace       used 34568K, capacity 35370K, committed 35456K, reserved 1079296K
  class space    used 4755K, capacity 4963K, committed 4992K, reserved 1048576K
Event: 2.278 GC heap after
Heap after GC invocations=5 (full 1):
 PSYoungGen      total 217088K, used 11403K [0x00000000e0000000, 0x00000000eee00000, 0x0000000100000000)
  eden space 195584K, 0% used [0x00000000e0000000,0x00000000e0000000,0x00000000ebf00000)
  from space 21504K, 53% used [0x00000000ed400000,0x00000000edf22ef0,0x00000000ee900000)
  to   space 21504K, 0% used [0x00000000ebf00000,0x00000000ebf00000,0x00000000ed400000)
 ParOldGen       total 209920K, used 13690K [0x00000000a0000000, 0x00000000acd00000, 0x00000000e0000000)
  object space 209920K, 6% used [0x00000000a0000000,0x00000000a0d5eb08,0x00000000acd00000)
 Metaspace       used 34568K, capacity 35370K, committed 35456K, reserved 1079296K
  class space    used 4755K, capacity 4963K, committed 4992K, reserved 1048576K
}
Event: 2.278 GC heap before
{Heap before GC invocations=6 (full 2):
 PSYoungGen      total 217088K, used 11403K [0x00000000e0000000, 0x00000000eee00000, 0x0000000100000000)
  eden space 195584K, 0% used [0x00000000e0000000,0x00000000e0000000,0x00000000ebf00000)
  from space 21504K, 53% used [0x00000000ed400000,0x00000000edf22ef0,0x00000000ee900000)
  to   space 21504K, 0% used [0x00000000ebf00000,0x00000000ebf00000,0x00000000ed400000)
 ParOldGen       total 209920K, used 13690K [0x00000000a0000000, 0x00000000acd00000, 0x00000000e0000000)
  object space 209920K, 6% used [0x00000000a0000000,0x00000000a0d5eb08,0x00000000acd00000)
 Metaspace       used 34568K, capacity 35370K, committed 35456K, reserved 1079296K
  class space    used 4755K, capacity 4963K, committed 4992K, reserved 1048576K
Event: 2.300 GC heap after
Heap after GC invocations=6 (full 2):
 PSYoungGen      total 217088K, used 0K [0x00000000e0000000, 0x00000000eee00000, 0x0000000100000000)
  eden space 195584K, 0% used [0x00000000e0000000,0x00000000e0000000,0x00000000ebf00000)
  from space 21504K, 0% used [0x00000000ed400000,0x00000000ed400000,0x00000000ee900000)
  to   space 21504K, 0% used [0x00000000ebf00000,0x00000000ebf00000,0x00000000ed400000)
 ParOldGen       total 338944K, used 18775K [0x00000000a0000000, 0x00000000b4b00000, 0x00000000e0000000)
  object space 338944K, 5% used [0x00000000a0000000,0x00000000a1255db0,0x00000000b4b00000)
 Metaspace       used 34543K, capacity 35286K, committed 35456K, reserved 1079296K
  class space    used 4747K, capacity 4949K, committed 4992K, reserved 1048576K
}
Event: 3.319 GC heap before
{Heap before GC invocations=7 (full 2):
 PSYoungGen      total 217088K, used 195584K [0x00000000e0000000, 0x00000000eee00000, 0x0000000100000000)
  eden space 195584K, 100% used [0x00000000e0000000,0x00000000ebf00000,0x00000000ebf00000)
  from space 21504K, 0% used [0x00000000ed400000,0x00000000ed400000,0x00000000ee900000)
  to   space 21504K, 0% used [0x00000000ebf00000,0x00000000ebf00000,0x00000000ed400000)
 ParOldGen       total 338944K, used 18775K [0x00000000a0000000, 0x00000000b4b00000, 0x00000000e0000000)
  object space 338944K, 5% used [0x00000000a0000000,0x00000000a1255db0,0x00000000b4b00000)
 Metaspace       used 51925K, capacity 53738K, committed 54016K, reserved 1095680K
  class space    used 7124K, capacity 7589K, committed 7680K, reserved 1048576K
Event: 3.331 GC heap after
Heap after GC invocations=7 (full 2):
 PSYoungGen      total 217088K, used 21482K [0x00000000e0000000, 0x00000000f3280000, 0x0000000100000000)
  eden space 195584K, 0% used [0x00000000e0000000,0x00000000e0000000,0x00000000ebf00000)
  from space 21504K, 99% used [0x00000000ebf00000,0x00000000ed3fa9e8,0x00000000ed400000)
  to   space 23040K, 0% used [0x00000000f1c00000,0x00000000f1c00000,0x00000000f3280000)
 ParOldGen       total 338944K, used 22552K [0x00000000a0000000, 0x00000000b4b00000, 0x00000000e0000000)
  object space 338944K, 6% used [0x00000000a0000000,0x00000000a16063a0,0x00000000b4b00000)
 Metaspace       used 51925K, capacity 53738K, committed 54016K, reserved 1095680K
  class space    used 7124K, capacity 7589K, committed 7680K, reserved 1048576K
}
Event: 3.715 GC heap before
{Heap before GC invocations=8 (full 2):
 PSYoungGen      total 217088K, used 116847K [0x00000000e0000000, 0x00000000f3280000, 0x0000000100000000)
  eden space 195584K, 48% used [0x00000000e0000000,0x00000000e5d212c0,0x00000000ebf00000)
  from space 21504K, 99% used [0x00000000ebf00000,0x00000000ed3fa9e8,0x00000000ed400000)
  to   space 23040K, 0% used [0x00000000f1c00000,0x00000000f1c00000,0x00000000f3280000)
 ParOldGen       total 338944K, used 22552K [0x00000000a0000000, 0x00000000b4b00000, 0x00000000e0000000)
  object space 338944K, 6% used [0x00000000a0000000,0x00000000a16063a0,0x00000000b4b00000)
 Metaspace       used 57162K, capacity 59032K, committed 59096K, reserved 1099776K
  class space    used 7945K, capacity 8403K, committed 8448K, reserved 1048576K

